ProjectLTDD1/app/build/intermediates/manifest_merge_blame_file/release/manifest-merger-blame-release-report.txt
1<?xml version="1.0" encoding="utf-8"?>
2<manifest xmlns:android="http://schemas.android.com/apk/res/android"
3    package="com.example.myapplication"
4    android:versionCode="1"
5    android:versionName="1.0" >
6
7    <uses-sdk
8        android:minSdkVersion="24"
9        android:targetSdkVersion="33" />
10
11    <permission
11-->[androidx.core:core:1.9.0] AndroidManifest.xml:22:5-24:47
12        android:name="com.example.myapplication.DYNAMIC_RECEIVER_NOT_EXPORTED_PERMISSION"
12-->[androidx.core:core:1.9.0] AndroidManifest.xml:23:9-81
13        android:protectionLevel="signature" />
13-->[androidx.core:core:1.9.0] AndroidManifest.xml:24:9-44
14
15    <uses-permission android:name="com.example.myapplication.DYNAMIC_RECEIVER_NOT_EXPORTED_PERMISSION" />
15-->[androidx.core:core:1.9.0] AndroidManifest.xml:26:5-97
15-->[androidx.core:core:1.9.0] AndroidManifest.xml:26:22-94
16
17    <application
17-->src\main\AndroidManifest.xml:5:5-48:19
18        android:allowBackup="true"
18-->src\main\AndroidManifest.xml:6:9-35
19        android:appComponentFactory="androidx.core.app.CoreComponentFactory"
19-->[androidx.core:core:1.9.0] AndroidManifest.xml:28:18-86
20        android:dataExtractionRules="@xml/data_extraction_rules"
20-->src\main\AndroidManifest.xml:7:9-65
21        android:extractNativeLibs="false"
22        android:fullBackupContent="@xml/backup_rules"
22-->src\main\AndroidManifest.xml:8:9-54
23        android:icon="@mipmap/ic_launcher"
23-->src\main\AndroidManifest.xml:9:9-43
24        android:label="@string/app_name"
24-->src\main\AndroidManifest.xml:10:9-41
25        android:roundIcon="@mipmap/ic_launcher_round"
25-->src\main\AndroidManifest.xml:11:9-54
26        android:supportsRtl="true"
26-->src\main\AndroidManifest.xml:12:9-35
27        android:theme="@style/Theme.MyApplication" >
27-->src\main\AndroidManifest.xml:13:9-51
28        <activity
28-->src\main\AndroidManifest.xml:15:9-17:39
29            android:name="com.example.myapplication.UpdateActivity"
29-->src\main\AndroidManifest.xml:16:13-43
30            android:exported="true" />
30-->src\main\AndroidManifest.xml:17:13-36
31        <activity
31-->src\main\AndroidManifest.xml:18:9-20:39
32            android:name="com.example.myapplication.AccountActivity"
32-->src\main\AndroidManifest.xml:19:13-44
33            android:exported="true" />
33-->src\main\AndroidManifest.xml:20:13-36
34        <activity
34-->src\main\AndroidManifest.xml:21:9-23:39
35            android:name="com.example.myapplication.StatisActivity"
35-->src\main\AndroidManifest.xml:22:13-43
36            android:exported="true" />
36-->src\main\AndroidManifest.xml:23:13-36
37        <activity
37-->src\main\AndroidManifest.xml:24:9-26:39
38            android:name="com.example.myapplication.CreateActivity"
38-->src\main\AndroidManifest.xml:25:13-43
39            android:exported="true" />
39-->src\main\AndroidManifest.xml:26:13-36
40        <activity
40-->src\main\AndroidManifest.xml:27:9-29:39
41            android:name="com.example.myapplication.DetailActivity"
41-->src\main\AndroidManifest.xml:28:13-43
42            android:exported="true" />
42-->src\main\AndroidManifest.xml:29:13-36
43        <activity
43-->src\main\AndroidManifest.xml:30:9-38:20
44            android:name="com.example.myapplication.BunkerActivity"
44-->src\main\AndroidManifest.xml:31:13-43
45            android:exported="true" >
45-->src\main\AndroidManifest.xml:32:13-36
46            <intent-filter>
46-->src\main\AndroidManifest.xml:33:13-37:29
47                <action android:name="android.intent.action.MAIN" />
47-->src\main\AndroidManifest.xml:34:17-69
47-->src\main\AndroidManifest.xml:34:25-66
48
49                <category android:name="android.intent.category.LAUNCHER" />
49-->src\main\AndroidManifest.xml:36:17-77
49-->src\main\AndroidManifest.xml:36:27-74
50            </intent-filter>
51        </activity>
52        <activity
52-->src\main\AndroidManifest.xml:39:9-41:39
53            android:name="com.example.myapplication.MenuActivity"
53-->src\main\AndroidManifest.xml:40:13-41
54            android:exported="true" />
54-->src\main\AndroidManifest.xml:41:13-36
55        <activity
55-->src\main\AndroidManifest.xml:42:9-44:39
56            android:name="com.example.myapplication.RegisterActivity"
56-->src\main\AndroidManifest.xml:43:13-45
57            android:exported="true" />
57-->src\main\AndroidManifest.xml:44:13-36
58        <activity
58-->src\main\AndroidManifest.xml:45:9-47:48
59            android:name="com.example.myapplication.MainActivity"
59-->src\main\AndroidManifest.xml:46:13-41
60            android:exported="true" />
60-->src\main\AndroidManifest.xml:47:13-36
61
62        <provider
62-->[androidx.emoji2:emoji2:1.2.0] AndroidManifest.xml:24:9-32:20
63            android:name="androidx.startup.InitializationProvider"
63-->[androidx.emoji2:emoji2:1.2.0] AndroidManifest.xml:25:13-67
64            android:authorities="com.example.myapplication.androidx-startup"
64-->[androidx.emoji2:emoji2:1.2.0] AndroidManifest.xml:26:13-68
65            android:exported="false" >
65-->[androidx.emoji2:emoji2:1.2.0] AndroidManifest.xml:27:13-37
66            <meta-data
66-->[androidx.emoji2:emoji2:1.2.0] AndroidManifest.xml:29:13-31:52
67                android:name="androidx.emoji2.text.EmojiCompatInitializer"
67-->[androidx.emoji2:emoji2:1.2.0] AndroidManifest.xml:30:17-75
68                android:value="androidx.startup" />
68-->[androidx.emoji2:emoji2:1.2.0] AndroidManifest.xml:31:17-49
69            <meta-data
69-->[androidx.lifecycle:lifecycle-process:2.4.1] AndroidManifest.xml:31:13-33:52
70                android:name="androidx.lifecycle.ProcessLifecycleInitializer"
70-->[androidx.lifecycle:lifecycle-process:2.4.1] AndroidManifest.xml:32:17-78
71                android:value="androidx.startup" />
71-->[androidx.lifecycle:lifecycle-process:2.4.1] AndroidManifest.xml:33:17-49
72        </provider>
73    </application>
74
75</manifest>